             main.py [LINE:42  ] INFO     [2025-11-26 16:35:12,739] Бот запущен и готов к работе.
             main.py [LINE:1574] INFO     [2025-11-26 16:35:12,743] Бот запущен и готов к работе.
             main.py [LINE:1579] ERROR    [2025-11-26 17:09:51,346] Ошибка: ('Connection aborted.', RemoteDisconnected('Remote end closed connection without response'))
             main.py [LINE:1579] ERROR    [2025-11-26 17:09:57,426] Ошибка: HTTPSConnectionPool(host='api.telegram.org', port=443): Max retries exceeded with url: /bot8052083645:AAEgRMvfXJzgfIUCvH2e7829k3VEWpdDw2k/getUpdates?offset=984330444&timeout=20 (Caused by NameResolutionError("<urllib3.connection.HTTPSConnection object at 0x7dc807efc0>: Failed to resolve 'api.telegram.org' ([Errno 7] No address associated with hostname)"))
             main.py [LINE:1579] ERROR    [2025-11-26 17:10:03,497] Ошибка: HTTPSConnectionPool(host='api.telegram.org', port=443): Max retries exceeded with url: /bot8052083645:AAEgRMvfXJzgfIUCvH2e7829k3VEWpdDw2k/getUpdates?offset=984330444&timeout=20 (Caused by NameResolutionError("<urllib3.connection.HTTPSConnection object at 0x7dc807fda0>: Failed to resolve 'api.telegram.org' ([Errno 7] No address associated with hostname)"))
             main.py [LINE:1579] ERROR    [2025-11-26 17:10:09,575] Ошибка: HTTPSConnectionPool(host='api.telegram.org', port=443): Max retries exceeded with url: /bot8052083645:AAEgRMvfXJzgfIUCvH2e7829k3VEWpdDw2k/getUpdates?offset=984330444&timeout=20 (Caused by NameResolutionError("<urllib3.connection.HTTPSConnection object at 0x7dc807fa70>: Failed to resolve 'api.telegram.org' ([Errno 7] No address associated with hostname)"))
             main.py [LINE:1579] ERROR    [2025-11-26 17:10:15,634] Ошибка: HTTPSConnectionPool(host='api.telegram.org', port=443): Max retries exceeded with url: /bot8052083645:AAEgRMvfXJzgfIUCvH2e7829k3VEWpdDw2k/getUpdates?offset=984330444&timeout=20 (Caused by NameResolutionError("<urllib3.connection.HTTPSConnection object at 0x7dc807ee40>: Failed to resolve 'api.telegram.org' ([Errno 7] No address associated with hostname)"))
             main.py [LINE:1579] ERROR    [2025-11-26 17:10:21,697] Ошибка: HTTPSConnectionPool(host='api.telegram.org', port=443): Max retries exceeded with url: /bot8052083645:AAEgRMvfXJzgfIUCvH2e7829k3VEWpdDw2k/getUpdates?offset=984330444&timeout=20 (Caused by NameResolutionError("<urllib3.connection.HTTPSConnection object at 0x7dc3f1d0a0>: Failed to resolve 'api.telegram.org' ([Errno 7] No address associated with hostname)"))
             main.py [LINE:1579] ERROR    [2025-11-26 17:10:27,762] Ошибка: HTTPSConnectionPool(host='api.telegram.org', port=443): Max retries exceeded with url: /bot8052083645:AAEgRMvfXJzgfIUCvH2e7829k3VEWpdDw2k/getUpdates?offset=984330444&timeout=20 (Caused by NameResolutionError("<urllib3.connection.HTTPSConnection object at 0x7dc804f770>: Failed to resolve 'api.telegram.org' ([Errno 7] No address associated with hostname)"))
             main.py [LINE:1579] ERROR    [2025-11-26 17:10:33,832] Ошибка: HTTPSConnectionPool(host='api.telegram.org', port=443): Max retries exceeded with url: /bot8052083645:AAEgRMvfXJzgfIUCvH2e7829k3VEWpdDw2k/getUpdates?offset=984330444&timeout=20 (Caused by NameResolutionError("<urllib3.connection.HTTPSConnection object at 0x7dc807f110>: Failed to resolve 'api.telegram.org' ([Errno 7] No address associated with hostname)"))
             main.py [LINE:1579] ERROR    [2025-11-26 17:10:39,892] Ошибка: HTTPSConnectionPool(host='api.telegram.org', port=443): Max retries exceeded with url: /bot8052083645:AAEgRMvfXJzgfIUCvH2e7829k3VEWpdDw2k/getUpdates?offset=984330444&timeout=20 (Caused by NameResolutionError("<urllib3.connection.HTTPSConnection object at 0x7dc3f1e2a0>: Failed to resolve 'api.telegram.org' ([Errno 7] No address associated with hostname)"))
             main.py [LINE:1579] ERROR    [2025-11-26 17:10:45,962] Ошибка: HTTPSConnectionPool(host='api.telegram.org', port=443): Max retries exceeded with url: /bot8052083645:AAEgRMvfXJzgfIUCvH2e7829k3VEWpdDw2k/getUpdates?offset=984330444&timeout=20 (Caused by NameResolutionError("<urllib3.connection.HTTPSConnection object at 0x7dc3f1f440>: Failed to resolve 'api.telegram.org' ([Errno 7] No address associated with hostname)"))
             main.py [LINE:1579] ERROR    [2025-11-26 17:12:51,846] Ошибка: HTTPSConnectionPool(host='api.telegram.org', port=443): Max retries exceeded with url: /bot8052083645:AAEgRMvfXJzgfIUCvH2e7829k3VEWpdDw2k/getUpdates?offset=984330444&timeout=20 (Caused by NameResolutionError("<urllib3.connection.HTTPSConnection object at 0x7dc807ef00>: Failed to resolve 'api.telegram.org' ([Errno 7] No address associated with hostname)"))
             main.py [LINE:1579] ERROR    [2025-11-26 17:31:12,396] Ошибка: HTTPSConnectionPool(host='api.telegram.org', port=443): Max retries exceeded with url: /bot8052083645:AAEgRMvfXJzgfIUCvH2e7829k3VEWpdDw2k/getUpdates?offset=984330444&timeout=20 (Caused by NameResolutionError("<urllib3.connection.HTTPSConnection object at 0x7dc884a540>: Failed to resolve 'api.telegram.org' ([Errno 7] No address associated with hostname)"))
             main.py [LINE:1579] ERROR    [2025-11-26 17:32:16,837] Ошибка: HTTPSConnectionPool(host='api.telegram.org', port=443): Max retries exceeded with url: /bot8052083645:AAEgRMvfXJzgfIUCvH2e7829k3VEWpdDw2k/getUpdates?offset=984330444&timeout=20 (Caused by NameResolutionError("<urllib3.connection.HTTPSConnection object at 0x7dc3f1e240>: Failed to resolve 'api.telegram.org' ([Errno 7] No address associated with hostname)"))
             main.py [LINE:1579] ERROR    [2025-11-26 17:38:59,523] Ошибка: HTTPSConnectionPool(host='api.telegram.org', port=443): Max retries exceeded with url: /bot8052083645:AAEgRMvfXJzgfIUCvH2e7829k3VEWpdDw2k/getUpdates?offset=984330444&timeout=20 (Caused by NameResolutionError("<urllib3.connection.HTTPSConnection object at 0x7dc804eab0>: Failed to resolve 'api.telegram.org' ([Errno 7] No address associated with hostname)"))
             main.py [LINE:1579] ERROR    [2025-11-26 17:39:05,596] Ошибка: HTTPSConnectionPool(host='api.telegram.org', port=443): Max retries exceeded with url: /bot8052083645:AAEgRMvfXJzgfIUCvH2e7829k3VEWpdDw2k/getUpdates?offset=984330444&timeout=20 (Caused by NameResolutionError("<urllib3.connection.HTTPSConnection object at 0x7dc807eb70>: Failed to resolve 'api.telegram.org' ([Errno 7] No address associated with hostname)"))
             main.py [LINE:1579] ERROR    [2025-11-26 17:51:38,383] Ошибка: HTTPSConnectionPool(host='api.telegram.org', port=443): Max retries exceeded with url: /bot8052083645:AAEgRMvfXJzgfIUCvH2e7829k3VEWpdDw2k/getUpdates?offset=984330444&timeout=20 (Caused by NameResolutionError("<urllib3.connection.HTTPSConnection object at 0x7dc807fc20>: Failed to resolve 'api.telegram.org' ([Errno 7] No address associated with hostname)"))
             main.py [LINE:1579] ERROR    [2025-11-26 17:55:42,827] Ошибка: HTTPSConnectionPool(host='api.telegram.org', port=443): Max retries exceeded with url: /bot8052083645:AAEgRMvfXJzgfIUCvH2e7829k3VEWpdDw2k/getUpdates?offset=984330444&timeout=20 (Caused by NameResolutionError("<urllib3.connection.HTTPSConnection object at 0x7dc85d9460>: Failed to resolve 'api.telegram.org' ([Errno 7] No address associated with hostname)"))
             main.py [LINE:1579] ERROR    [2025-11-27 06:59:50,451] Ошибка: HTTPSConnectionPool(host='api.telegram.org', port=443): Read timed out. (read timeout=25)
             main.py [LINE:144 ] INFO     [2025-11-27 20:14:51,369] Пользователь 909151272 вызвал /start
             main.py [LINE:161 ] INFO     [2025-11-27 20:14:54,244] Пользователь 909151272 выбрал группу СПД-103
             main.py [LINE:1579] ERROR    [2025-11-28 07:03:58,764] Ошибка: HTTPSConnectionPool(host='api.telegram.org', port=443): Read timed out. (read timeout=25)
             main.py [LINE:598 ] ERROR    [2025-11-28 09:50:37,511] Ошибка в handle_edit_grades_subject: A request to the Telegram API was unsuccessful. Error code: 400. Description: Bad Request: query is too old and response timeout expired or query ID is invalid
         __init__.py [LINE:1241] ERROR    [2025-11-28 09:50:57,541] Threaded polling exception: A request to the Telegram API was unsuccessful. Error code: 400. Description: Bad Request: query is too old and response timeout expired or query ID is invalid
         __init__.py [LINE:1243] ERROR    [2025-11-28 09:50:57,595] Exception traceback:
Traceback (most recent call last):
  File "/data/data/com.termux/files/home/KFGbot/main.py", line 545, in handle_edit_grades_subject
    bot.answer_callback_query(call.id, "❌ Ошибка данных.")
  File "/data/data/com.termux/files/usr/lib/python3.12/site-packages/telebot/__init__.py", line 6058, in answer_callback_query
    return apihelper.answer_callback_query(
           ^^^^^^^^^^^^^^^^^^^^^^^^^^^^^^^^
  File "/data/data/com.termux/files/usr/lib/python3.12/site-packages/telebot/apihelper.py", line 1854, in answer_callback_query
    return _make_request(token, method_url, params=payload, method='post')
           ^^^^^^^^^^^^^^^^^^^^^^^^^^^^^^^^^^^^^^^^^^^^^^^^^^^^^^^^^^^^^^^
  File "/data/data/com.termux/files/usr/lib/python3.12/site-packages/telebot/apihelper.py", line 168, in _make_request
    json_result = _check_result(method_name, result)
                  ^^^^^^^^^^^^^^^^^^^^^^^^^^^^^^^^^^
  File "/data/data/com.termux/files/usr/lib/python3.12/site-packages/telebot/apihelper.py", line 195, in _check_result
    raise ApiTelegramException(method_name, result, result_json)
telebot.apihelper.ApiTelegramException: A request to the Telegram API was unsuccessful. Error code: 400. Description: Bad Request: query is too old and response timeout expired or query ID is invalid

During handling of the above exception, another exception occurred:

Traceback (most recent call last):
  File "/data/data/com.termux/files/usr/lib/python3.12/site-packages/telebot/__init__.py", line 1235, in __threaded_polling
    self.worker_pool.raise_exceptions()
  File "/data/data/com.termux/files/usr/lib/python3.12/site-packages/telebot/util.py", line 150, in raise_exceptions
    raise self.exception_info
  File "/data/data/com.termux/files/usr/lib/python3.12/site-packages/telebot/util.py", line 93, in run
    task(*args, **kwargs)
  File "/data/data/com.termux/files/usr/lib/python3.12/site-packages/telebot/__init__.py", line 9233, in _run_middlewares_and_handler
    result = handler['function'](message)
             ^^^^^^^^^^^^^^^^^^^^^^^^^^^^
  File "/data/data/com.termux/files/home/KFGbot/main.py", line 599, in handle_edit_grades_subject
    bot.answer_callback_query(call.id, "❌ Ошибка при загрузке оценок.")
  File "/data/data/com.termux/files/usr/lib/python3.12/site-packages/telebot/__init__.py", line 6058, in answer_callback_query
    return apihelper.answer_callback_query(
           ^^^^^^^^^^^^^^^^^^^^^^^^^^^^^^^^
  File "/data/data/com.termux/files/usr/lib/python3.12/site-packages/telebot/apihelper.py", line 1854, in answer_callback_query
    return _make_request(token, method_url, params=payload, method='post')
           ^^^^^^^^^^^^^^^^^^^^^^^^^^^^^^^^^^^^^^^^^^^^^^^^^^^^^^^^^^^^^^^
  File "/data/data/com.termux/files/usr/lib/python3.12/site-packages/telebot/apihelper.py", line 168, in _make_request
    json_result = _check_result(method_name, result)
                  ^^^^^^^^^^^^^^^^^^^^^^^^^^^^^^^^^^
  File "/data/data/com.termux/files/usr/lib/python3.12/site-packages/telebot/apihelper.py", line 195, in _check_result
    raise ApiTelegramException(method_name, result, result_json)
telebot.apihelper.ApiTelegramException: A request to the Telegram API was unsuccessful. Error code: 400. Description: Bad Request: query is too old and response timeout expired or query ID is invalid

             main.py [LINE:144 ] INFO     [2025-11-28 09:53:58,494] Пользователь 2138704235 вызвал /start
         __init__.py [LINE:1241] ERROR    [2025-11-28 09:54:00,006] Threaded polling exception: A request to the Telegram API was unsuccessful. Error code: 400. Description: Bad Request: message is not modified: specified new message content and reply markup are exactly the same as a current content and reply markup of the message
         __init__.py [LINE:1243] ERROR    [2025-11-28 09:54:00,044] Exception traceback:
Traceback (most recent call last):
  File "/data/data/com.termux/files/usr/lib/python3.12/site-packages/telebot/__init__.py", line 1235, in __threaded_polling
    self.worker_pool.raise_exceptions()
  File "/data/data/com.termux/files/usr/lib/python3.12/site-packages/telebot/util.py", line 150, in raise_exceptions
    raise self.exception_info
  File "/data/data/com.termux/files/usr/lib/python3.12/site-packages/telebot/util.py", line 93, in run
    task(*args, **kwargs)
  File "/data/data/com.termux/files/usr/lib/python3.12/site-packages/telebot/__init__.py", line 9233, in _run_middlewares_and_handler
    result = handler['function'](message)
             ^^^^^^^^^^^^^^^^^^^^^^^^^^^^
  File "/data/data/com.termux/files/home/KFGbot/main.py", line 470, in handle_edit_grades_menu
    bot.edit_message_text(
  File "/data/data/com.termux/files/usr/lib/python3.12/site-packages/telebot/__init__.py", line 4974, in edit_message_text
    result = apihelper.edit_message_text(
             ^^^^^^^^^^^^^^^^^^^^^^^^^^^^
  File "/data/data/com.termux/files/usr/lib/python3.12/site-packages/telebot/apihelper.py", line 1507, in edit_message_text
    return _make_request(token, method_url, params=payload, method='post')
           ^^^^^^^^^^^^^^^^^^^^^^^^^^^^^^^^^^^^^^^^^^^^^^^^^^^^^^^^^^^^^^^
  File "/data/data/com.termux/files/usr/lib/python3.12/site-packages/telebot/apihelper.py", line 168, in _make_request
    json_result = _check_result(method_name, result)
                  ^^^^^^^^^^^^^^^^^^^^^^^^^^^^^^^^^^
  File "/data/data/com.termux/files/usr/lib/python3.12/site-packages/telebot/apihelper.py", line 195, in _check_result
    raise ApiTelegramException(method_name, result, result_json)
telebot.apihelper.ApiTelegramException: A request to the Telegram API was unsuccessful. Error code: 400. Description: Bad Request: message is not modified: specified new message content and reply markup are exactly the same as a current content and reply markup of the message

             main.py [LINE:1579] ERROR    [2025-11-29 04:57:37,143] Ошибка: HTTPSConnectionPool(host='api.telegram.org', port=443): Read timed out. (read timeout=25)
